[2016-05-09 17:55:32] request.INFO: Matched route "testcwab_default_testpage". {"route_parameters":{"_controller":"TestCWABBundle\\Controller\\DefaultController::testPageAction","_route":"testcwab_default_testpage"},"request_uri":"http://test-project.dev/cwab/test_page"} []
[2016-05-09 17:55:32] security.INFO: Populated the TokenStorage with an anonymous Token. [] []
[2016-05-09 17:55:32] request.CRITICAL: Uncaught PHP Exception Twig_Error_Syntax: "Unknown "print" filter in "TestCWABBundle:test:index.html.twig" at line 10." at /var/www/test-project/vendor/twig/twig/lib/Twig/ExpressionParser.php line 604 {"exception":"[object] (Twig_Error_Syntax(code: 0): Unknown \"print\" filter in \"TestCWABBundle:test:index.html.twig\" at line 10. at /var/www/test-project/vendor/twig/twig/lib/Twig/ExpressionParser.php:604)"} []
[2016-05-09 17:56:51] request.INFO: Matched route "testcwab_default_testpage". {"route_parameters":{"_controller":"TestCWABBundle\\Controller\\DefaultController::testPageAction","_route":"testcwab_default_testpage"},"request_uri":"http://test-project.dev/cwab/test_page"} []
[2016-05-09 17:56:51] security.INFO: Populated the TokenStorage with an anonymous Token. [] []
[2016-05-09 17:56:51] request.CRITICAL: Uncaught PHP Exception Symfony\Component\Debug\Exception\FatalErrorException: "Parse Error: syntax error, unexpected ','" at /var/www/test-project/src/TestCWABBundle/Controller/DefaultController.php line 34 {"exception":"[object] (Symfony\\Component\\Debug\\Exception\\FatalErrorException(code: 0): Parse Error: syntax error, unexpected ',' at /var/www/test-project/src/TestCWABBundle/Controller/DefaultController.php:34)"} []
[2016-05-09 17:56:55] request.CRITICAL: Uncaught PHP Exception Symfony\Component\Debug\Exception\FatalErrorException: "Parse Error: syntax error, unexpected ','" at /var/www/test-project/src/TestCWABBundle/Controller/DefaultController.php line 34 {"exception":"[object] (Symfony\\Component\\Debug\\Exception\\FatalErrorException(code: 0): Parse Error: syntax error, unexpected ',' at /var/www/test-project/src/TestCWABBundle/Controller/DefaultController.php:34)"} []
[2016-05-13 15:31:18] request.ERROR: Uncaught PHP Exception Symfony\Component\HttpKernel\Exception\NotFoundHttpException: "No route found for "GET /cwab/test_mailer"" at /var/www/test-project/app/cache/prod/classes.php line 2605 {"exception":"[object] (Symfony\\Component\\HttpKernel\\Exception\\NotFoundHttpException(code: 0): No route found for \"GET /cwab/test_mailer\" at /var/www/test-project/app/cache/prod/classes.php:2605, Symfony\\Component\\Routing\\Exception\\ResourceNotFoundException(code: 0):  at /var/www/test-project/app/cache/prod/appProdUrlMatcher.php:57)"} []
[2016-05-13 15:31:25] request.ERROR: Uncaught PHP Exception Symfony\Component\HttpKernel\Exception\NotFoundHttpException: "No route found for "GET /cwab/test_mailer"" at /var/www/test-project/app/cache/prod/classes.php line 2605 {"exception":"[object] (Symfony\\Component\\HttpKernel\\Exception\\NotFoundHttpException(code: 0): No route found for \"GET /cwab/test_mailer\" at /var/www/test-project/app/cache/prod/classes.php:2605, Symfony\\Component\\Routing\\Exception\\ResourceNotFoundException(code: 0):  at /var/www/test-project/app/cache/prod/appProdUrlMatcher.php:57)"} []
[2016-06-03 17:03:43] request.ERROR: Uncaught PHP Exception Symfony\Component\HttpKernel\Exception\NotFoundHttpException: "No route found for "GET /test_page"" at /var/www/test-project/app/cache/prod/classes.php line 2605 {"exception":"[object] (Symfony\\Component\\HttpKernel\\Exception\\NotFoundHttpException(code: 0): No route found for \"GET /test_page\" at /var/www/test-project/app/cache/prod/classes.php:2605, Symfony\\Component\\Routing\\Exception\\ResourceNotFoundException(code: 0):  at /var/www/test-project/app/cache/prod/appProdUrlMatcher.php:65)"} []
[2016-06-03 17:22:47] request.INFO: Matched route "testcwab_default_testpage". {"route_parameters":{"_controller":"TestCWABBundle\\Controller\\DefaultController::testPageAction","_route":"testcwab_default_testpage"},"request_uri":"http://test-project.dev/cwab/test_page"} []
[2016-06-03 17:22:47] security.INFO: Populated the TokenStorage with an anonymous Token. [] []
[2016-06-03 17:22:47] request.CRITICAL: Uncaught PHP Exception Twig_Error_Runtime: "An exception has been thrown during the rendering of a template ("Unable to generate a URL for the named route "test_appmailer" as such route does not exist.") in "TestCWABBundle:test:index.html.twig" at line 14." at /var/www/test-project/vendor/twig/twig/lib/Twig/Template.php line 182 {"exception":"[object] (Twig_Error_Runtime(code: 0): An exception has been thrown during the rendering of a template (\"Unable to generate a URL for the named route \"test_appmailer\" as such route does not exist.\") in \"TestCWABBundle:test:index.html.twig\" at line 14. at /var/www/test-project/vendor/twig/twig/lib/Twig/Template.php:182, Symfony\\Component\\Routing\\Exception\\RouteNotFoundException(code: 0): Unable to generate a URL for the named route \"test_appmailer\" as such route does not exist. at /var/www/test-project/app/cache/prod/appProdUrlGenerator.php:38)"} []
[2016-06-03 17:23:42] request.CRITICAL: Uncaught PHP Exception Symfony\Component\Config\Exception\FileLoaderLoadException: "[Syntax Error] Expected Doctrine\Common\Annotations\DocLexer::T_CLOSE_PARENTHESIS, got 'ame' at position 26 in method TestCWABBundle\Controller\DefaultController::testMaillerAction() in /var/www/test-project/src/TestCWABBundle/Controller/ (which is being imported from "/var/www/test-project/app/config/routing.yml")." at /var/www/test-project/vendor/symfony/symfony/src/Symfony/Component/Config/Loader/FileLoader.php line 130 {"exception":"[object] (Symfony\\Component\\Config\\Exception\\FileLoaderLoadException(code: 0): [Syntax Error] Expected Doctrine\\Common\\Annotations\\DocLexer::T_CLOSE_PARENTHESIS, got 'ame' at position 26 in method TestCWABBundle\\Controller\\DefaultController::testMaillerAction() in /var/www/test-project/src/TestCWABBundle/Controller/ (which is being imported from \"/var/www/test-project/app/config/routing.yml\"). at /var/www/test-project/vendor/symfony/symfony/src/Symfony/Component/Config/Loader/FileLoader.php:130, Doctrine\\Common\\Annotations\\AnnotationException(code: 0): [Syntax Error] Expected Doctrine\\Common\\Annotations\\DocLexer::T_CLOSE_PARENTHESIS, got 'ame' at position 26 in method TestCWABBundle\\Controller\\DefaultController::testMaillerAction(). at /var/www/test-project/vendor/doctrine/annotations/lib/Doctrine/Common/Annotations/AnnotationException.php:42)"} []
[2016-06-03 17:23:43] request.CRITICAL: Uncaught PHP Exception Symfony\Component\Config\Exception\FileLoaderLoadException: "[Syntax Error] Expected Doctrine\Common\Annotations\DocLexer::T_CLOSE_PARENTHESIS, got 'ame' at position 26 in method TestCWABBundle\Controller\DefaultController::testMaillerAction() in /var/www/test-project/src/TestCWABBundle/Controller/ (which is being imported from "/var/www/test-project/app/config/routing.yml")." at /var/www/test-project/vendor/symfony/symfony/src/Symfony/Component/Config/Loader/FileLoader.php line 130 {"exception":"[object] (Symfony\\Component\\Config\\Exception\\FileLoaderLoadException(code: 0): [Syntax Error] Expected Doctrine\\Common\\Annotations\\DocLexer::T_CLOSE_PARENTHESIS, got 'ame' at position 26 in method TestCWABBundle\\Controller\\DefaultController::testMaillerAction() in /var/www/test-project/src/TestCWABBundle/Controller/ (which is being imported from \"/var/www/test-project/app/config/routing.yml\"). at /var/www/test-project/vendor/symfony/symfony/src/Symfony/Component/Config/Loader/FileLoader.php:130, Doctrine\\Common\\Annotations\\AnnotationException(code: 0): [Syntax Error] Expected Doctrine\\Common\\Annotations\\DocLexer::T_CLOSE_PARENTHESIS, got 'ame' at position 26 in method TestCWABBundle\\Controller\\DefaultController::testMaillerAction(). at /var/www/test-project/vendor/doctrine/annotations/lib/Doctrine/Common/Annotations/AnnotationException.php:42)"} []
[2016-06-03 17:25:02] request.CRITICAL: Uncaught PHP Exception Symfony\Component\Config\Exception\FileLoaderLoadException: "[Syntax Error] Expected Doctrine\Common\Annotations\DocLexer::T_CLOSE_PARENTHESIS, got 'name' at position 26 in method TestCWABBundle\Controller\DefaultController::testMaillerAction() in /var/www/test-project/src/TestCWABBundle/Controller/ (which is being imported from "/var/www/test-project/app/config/routing.yml")." at /var/www/test-project/vendor/symfony/symfony/src/Symfony/Component/Config/Loader/FileLoader.php line 130 {"exception":"[object] (Symfony\\Component\\Config\\Exception\\FileLoaderLoadException(code: 0): [Syntax Error] Expected Doctrine\\Common\\Annotations\\DocLexer::T_CLOSE_PARENTHESIS, got 'name' at position 26 in method TestCWABBundle\\Controller\\DefaultController::testMaillerAction() in /var/www/test-project/src/TestCWABBundle/Controller/ (which is being imported from \"/var/www/test-project/app/config/routing.yml\"). at /var/www/test-project/vendor/symfony/symfony/src/Symfony/Component/Config/Loader/FileLoader.php:130, Doctrine\\Common\\Annotations\\AnnotationException(code: 0): [Syntax Error] Expected Doctrine\\Common\\Annotations\\DocLexer::T_CLOSE_PARENTHESIS, got 'name' at position 26 in method TestCWABBundle\\Controller\\DefaultController::testMaillerAction(). at /var/www/test-project/vendor/doctrine/annotations/lib/Doctrine/Common/Annotations/AnnotationException.php:42)"} []
[2016-06-03 17:25:18] request.CRITICAL: Uncaught PHP Exception Symfony\Component\Config\Exception\FileLoaderLoadException: "[Syntax Error] Expected Doctrine\Common\Annotations\DocLexer::T_CLOSE_PARENTHESIS, got 'name' at position 26 in method TestCWABBundle\Controller\DefaultController::testMaillerAction() in /var/www/test-project/src/TestCWABBundle/Controller/ (which is being imported from "/var/www/test-project/app/config/routing.yml")." at /var/www/test-project/vendor/symfony/symfony/src/Symfony/Component/Config/Loader/FileLoader.php line 130 {"exception":"[object] (Symfony\\Component\\Config\\Exception\\FileLoaderLoadException(code: 0): [Syntax Error] Expected Doctrine\\Common\\Annotations\\DocLexer::T_CLOSE_PARENTHESIS, got 'name' at position 26 in method TestCWABBundle\\Controller\\DefaultController::testMaillerAction() in /var/www/test-project/src/TestCWABBundle/Controller/ (which is being imported from \"/var/www/test-project/app/config/routing.yml\"). at /var/www/test-project/vendor/symfony/symfony/src/Symfony/Component/Config/Loader/FileLoader.php:130, Doctrine\\Common\\Annotations\\AnnotationException(code: 0): [Syntax Error] Expected Doctrine\\Common\\Annotations\\DocLexer::T_CLOSE_PARENTHESIS, got 'name' at position 26 in method TestCWABBundle\\Controller\\DefaultController::testMaillerAction(). at /var/www/test-project/vendor/doctrine/annotations/lib/Doctrine/Common/Annotations/AnnotationException.php:42)"} []
[2016-06-06 13:08:40] request.ERROR: Uncaught PHP Exception Symfony\Component\HttpKernel\Exception\NotFoundHttpException: "No route found for "GET /cwab/app_mailer" (from "http://test-project.dev/cwab/app_mailer")" at /var/www/test-project/vendor/symfony/symfony/src/Symfony/Component/HttpKernel/EventListener/RouterListener.php line 176 {"exception":"[object] (Symfony\\Component\\HttpKernel\\Exception\\NotFoundHttpException(code: 0): No route found for \"GET /cwab/app_mailer\" (from \"http://test-project.dev/cwab/app_mailer\") at /var/www/test-project/vendor/symfony/symfony/src/Symfony/Component/HttpKernel/EventListener/RouterListener.php:176, Symfony\\Component\\Routing\\Exception\\ResourceNotFoundException(code: 0):  at /var/www/test-project/app/cache/prod/appProdUrlMatcher.php:52)"} []
[2016-06-06 13:08:56] request.ERROR: Uncaught PHP Exception Symfony\Component\HttpKernel\Exception\NotFoundHttpException: "No route found for "GET /cwab/app_mailer" (from "http://test-project.dev/cwab/app_mailer")" at /var/www/test-project/vendor/symfony/symfony/src/Symfony/Component/HttpKernel/EventListener/RouterListener.php line 176 {"exception":"[object] (Symfony\\Component\\HttpKernel\\Exception\\NotFoundHttpException(code: 0): No route found for \"GET /cwab/app_mailer\" (from \"http://test-project.dev/cwab/app_mailer\") at /var/www/test-project/vendor/symfony/symfony/src/Symfony/Component/HttpKernel/EventListener/RouterListener.php:176, Symfony\\Component\\Routing\\Exception\\ResourceNotFoundException(code: 0):  at /var/www/test-project/app/cache/prod/appProdUrlMatcher.php:52)"} []
[2016-06-06 13:09:20] request.ERROR: Uncaught PHP Exception Symfony\Component\HttpKernel\Exception\NotFoundHttpException: "No route found for "GET /cwab/test_page"" at /var/www/test-project/vendor/symfony/symfony/src/Symfony/Component/HttpKernel/EventListener/RouterListener.php line 176 {"exception":"[object] (Symfony\\Component\\HttpKernel\\Exception\\NotFoundHttpException(code: 0): No route found for \"GET /cwab/test_page\" at /var/www/test-project/vendor/symfony/symfony/src/Symfony/Component/HttpKernel/EventListener/RouterListener.php:176, Symfony\\Component\\Routing\\Exception\\ResourceNotFoundException(code: 0):  at /var/www/test-project/app/cache/prod/appProdUrlMatcher.php:52)"} []
[2016-06-06 13:09:39] request.ERROR: Uncaught PHP Exception Symfony\Component\HttpKernel\Exception\NotFoundHttpException: "No route found for "GET /cwab/test_page"" at /var/www/test-project/app/cache/prod/classes.php line 2605 {"exception":"[object] (Symfony\\Component\\HttpKernel\\Exception\\NotFoundHttpException(code: 0): No route found for \"GET /cwab/test_page\" at /var/www/test-project/app/cache/prod/classes.php:2605, Symfony\\Component\\Routing\\Exception\\ResourceNotFoundException(code: 0):  at /var/www/test-project/app/cache/prod/appProdUrlMatcher.php:52)"} []
[2016-06-06 13:09:40] request.ERROR: Uncaught PHP Exception Symfony\Component\HttpKernel\Exception\NotFoundHttpException: "No route found for "GET /cwab/test_page"" at /var/www/test-project/app/cache/prod/classes.php line 2605 {"exception":"[object] (Symfony\\Component\\HttpKernel\\Exception\\NotFoundHttpException(code: 0): No route found for \"GET /cwab/test_page\" at /var/www/test-project/app/cache/prod/classes.php:2605, Symfony\\Component\\Routing\\Exception\\ResourceNotFoundException(code: 0):  at /var/www/test-project/app/cache/prod/appProdUrlMatcher.php:52)"} []
[2016-06-06 14:43:14] request.ERROR: Uncaught PHP Exception Symfony\Component\HttpKernel\Exception\NotFoundHttpException: "No route found for "POST /cwab/app_mailer/send" (from "http://test-project.dev/cwab/app_mailer")" at /var/www/test-project/vendor/symfony/symfony/src/Symfony/Component/HttpKernel/EventListener/RouterListener.php line 176 {"exception":"[object] (Symfony\\Component\\HttpKernel\\Exception\\NotFoundHttpException(code: 0): No route found for \"POST /cwab/app_mailer/send\" (from \"http://test-project.dev/cwab/app_mailer\") at /var/www/test-project/vendor/symfony/symfony/src/Symfony/Component/HttpKernel/EventListener/RouterListener.php:176, Symfony\\Component\\Routing\\Exception\\ResourceNotFoundException(code: 0):  at /var/www/test-project/app/cache/prod/appProdUrlMatcher.php:65)"} []
[2016-06-06 14:43:29] request.ERROR: Uncaught PHP Exception Symfony\Component\HttpKernel\Exception\NotFoundHttpException: "No route found for "POST /cwab/app_mailer/send" (from "http://test-project.dev/cwab/app_mailer")" at /var/www/test-project/app/cache/prod/classes.php line 2605 {"exception":"[object] (Symfony\\Component\\HttpKernel\\Exception\\NotFoundHttpException(code: 0): No route found for \"POST /cwab/app_mailer/send\" (from \"http://test-project.dev/cwab/app_mailer\") at /var/www/test-project/app/cache/prod/classes.php:2605, Symfony\\Component\\Routing\\Exception\\ResourceNotFoundException(code: 0):  at /var/www/test-project/app/cache/prod/appProdUrlMatcher.php:65)"} []
[2016-06-06 14:44:06] request.ERROR: Uncaught PHP Exception Symfony\Component\HttpKernel\Exception\NotFoundHttpException: "No route found for "POST /cwab/app_mailer/send" (from "http://test-project.dev/cwab/app_mailer")" at /var/www/test-project/app/cache/prod/classes.php line 2605 {"exception":"[object] (Symfony\\Component\\HttpKernel\\Exception\\NotFoundHttpException(code: 0): No route found for \"POST /cwab/app_mailer/send\" (from \"http://test-project.dev/cwab/app_mailer\") at /var/www/test-project/app/cache/prod/classes.php:2605, Symfony\\Component\\Routing\\Exception\\ResourceNotFoundException(code: 0):  at /var/www/test-project/app/cache/prod/appProdUrlMatcher.php:65)"} []
[2016-06-06 15:10:48] request.INFO: Matched route "test_appmailer". {"route_parameters":{"_controller":"TestCWABBundle\\Controller\\DefaultController::testMaillerAction","_route":"test_appmailer"},"request_uri":"http://test-project.dev/cwab/app_mailer"} []
[2016-06-06 15:10:48] security.INFO: Populated the TokenStorage with an anonymous Token. [] []
[2016-06-06 15:10:48] request.CRITICAL: Uncaught PHP Exception Twig_Error_Runtime: "An exception has been thrown during the rendering of a template ("Catchable Fatal Error: Argument 1 passed to Symfony\Component\Form\FormRenderer::searchAndRenderBlock() must be an instance of Symfony\Component\Form\FormView, instance of Symfony\Component\Form\Form given, called in /var/www/test-project/app/cache/prod/classes.php(3734) : eval()'d code on line 51 and defined") in "TestCWABBundle:test:mailer.html.twig" at line 17." at /var/www/test-project/app/cache/prod/classes.php line 5317 {"exception":"[object] (Twig_Error_Runtime(code: 0): An exception has been thrown during the rendering of a template (\"Catchable Fatal Error: Argument 1 passed to Symfony\\Component\\Form\\FormRenderer::searchAndRenderBlock() must be an instance of Symfony\\Component\\Form\\FormView, instance of Symfony\\Component\\Form\\Form given, called in /var/www/test-project/app/cache/prod/classes.php(3734) : eval()'d code on line 51 and defined\") in \"TestCWABBundle:test:mailer.html.twig\" at line 17. at /var/www/test-project/app/cache/prod/classes.php:5317, Symfony\\Component\\Debug\\Exception\\ContextErrorException(code: 0): Catchable Fatal Error: Argument 1 passed to Symfony\\Component\\Form\\FormRenderer::searchAndRenderBlock() must be an instance of Symfony\\Component\\Form\\FormView, instance of Symfony\\Component\\Form\\Form given, called in /var/www/test-project/app/cache/prod/classes.php(3734) : eval()'d code on line 51 and defined at /var/www/test-project/vendor/symfony/symfony/src/Symfony/Component/Form/FormRenderer.php:165)"} []
[2016-06-06 15:12:06] request.INFO: Matched route "test_appmailer". {"route_parameters":{"_controller":"TestCWABBundle\\Controller\\DefaultController::testMaillerAction","_route":"test_appmailer"},"request_uri":"http://test-project.dev/cwab/app_mailer"} []
[2016-06-06 15:12:06] security.INFO: Populated the TokenStorage with an anonymous Token. [] []
[2016-06-06 15:12:06] request.CRITICAL: Uncaught PHP Exception Twig_Error_Runtime: "An exception has been thrown during the rendering of a template ("Catchable Fatal Error: Argument 1 passed to Symfony\Component\Form\FormRenderer::searchAndRenderBlock() must be an instance of Symfony\Component\Form\FormView, instance of Symfony\Component\Form\Form given, called in /var/www/test-project/app/cache/prod/twig/75/7558aa7214536854c470db44effb4d7ec33dff59bae8dd0df70664a0055a7a9b.php on line 51 and defined") in "TestCWABBundle:test:mailer.html.twig" at line 17." at /var/www/test-project/app/cache/prod/classes.php line 5317 {"exception":"[object] (Twig_Error_Runtime(code: 0): An exception has been thrown during the rendering of a template (\"Catchable Fatal Error: Argument 1 passed to Symfony\\Component\\Form\\FormRenderer::searchAndRenderBlock() must be an instance of Symfony\\Component\\Form\\FormView, instance of Symfony\\Component\\Form\\Form given, called in /var/www/test-project/app/cache/prod/twig/75/7558aa7214536854c470db44effb4d7ec33dff59bae8dd0df70664a0055a7a9b.php on line 51 and defined\") in \"TestCWABBundle:test:mailer.html.twig\" at line 17. at /var/www/test-project/app/cache/prod/classes.php:5317, Symfony\\Component\\Debug\\Exception\\ContextErrorException(code: 0): Catchable Fatal Error: Argument 1 passed to Symfony\\Component\\Form\\FormRenderer::searchAndRenderBlock() must be an instance of Symfony\\Component\\Form\\FormView, instance of Symfony\\Component\\Form\\Form given, called in /var/www/test-project/app/cache/prod/twig/75/7558aa7214536854c470db44effb4d7ec33dff59bae8dd0df70664a0055a7a9b.php on line 51 and defined at /var/www/test-project/vendor/symfony/symfony/src/Symfony/Component/Form/FormRenderer.php:165)"} []
[2016-06-06 15:12:09] request.INFO: Matched route "test_appmailer". {"route_parameters":{"_controller":"TestCWABBundle\\Controller\\DefaultController::testMaillerAction","_route":"test_appmailer"},"request_uri":"http://test-project.dev/cwab/app_mailer"} []
[2016-06-06 15:12:09] security.INFO: Populated the TokenStorage with an anonymous Token. [] []
[2016-06-06 15:12:09] request.CRITICAL: Uncaught PHP Exception Twig_Error_Runtime: "An exception has been thrown during the rendering of a template ("Catchable Fatal Error: Argument 1 passed to Symfony\Component\Form\FormRenderer::searchAndRenderBlock() must be an instance of Symfony\Component\Form\FormView, instance of Symfony\Component\Form\Form given, called in /var/www/test-project/app/cache/prod/twig/75/7558aa7214536854c470db44effb4d7ec33dff59bae8dd0df70664a0055a7a9b.php on line 51 and defined") in "TestCWABBundle:test:mailer.html.twig" at line 17." at /var/www/test-project/app/cache/prod/classes.php line 5317 {"exception":"[object] (Twig_Error_Runtime(code: 0): An exception has been thrown during the rendering of a template (\"Catchable Fatal Error: Argument 1 passed to Symfony\\Component\\Form\\FormRenderer::searchAndRenderBlock() must be an instance of Symfony\\Component\\Form\\FormView, instance of Symfony\\Component\\Form\\Form given, called in /var/www/test-project/app/cache/prod/twig/75/7558aa7214536854c470db44effb4d7ec33dff59bae8dd0df70664a0055a7a9b.php on line 51 and defined\") in \"TestCWABBundle:test:mailer.html.twig\" at line 17. at /var/www/test-project/app/cache/prod/classes.php:5317, Symfony\\Component\\Debug\\Exception\\ContextErrorException(code: 0): Catchable Fatal Error: Argument 1 passed to Symfony\\Component\\Form\\FormRenderer::searchAndRenderBlock() must be an instance of Symfony\\Component\\Form\\FormView, instance of Symfony\\Component\\Form\\Form given, called in /var/www/test-project/app/cache/prod/twig/75/7558aa7214536854c470db44effb4d7ec33dff59bae8dd0df70664a0055a7a9b.php on line 51 and defined at /var/www/test-project/vendor/symfony/symfony/src/Symfony/Component/Form/FormRenderer.php:165)"} []
[2016-06-06 15:28:23] request.INFO: Matched route "test_appmailer". {"route_parameters":{"_controller":"TestCWABBundle\\Controller\\DefaultController::testMaillerAction","_route":"test_appmailer"},"request_uri":"http://test-project.dev/cwab/app_mailer"} []
[2016-06-06 15:28:23] security.INFO: Populated the TokenStorage with an anonymous Token. [] []
[2016-06-06 15:28:23] request.CRITICAL: Uncaught PHP Exception Symfony\Component\OptionsResolver\Exception\UndefinedOptionsException: "The option "placeholder" does not exist. Defined options are: "action", "allow_extra_fields", "attr", "auto_initialize", "block_name", "by_reference", "cascade_validation", "compound", "constraints", "csrf_field_name", "csrf_message", "csrf_protection", "csrf_provider", "csrf_token_id", "csrf_token_manager", "data", "data_class", "disabled", "empty_data", "error_bubbling", "error_mapping", "extra_fields_message", "inherit_data", "intention", "invalid_message", "invalid_message_parameters", "label", "label_attr", "label_format", "mapped", "max_length", "method", "pattern", "post_max_size_message", "property_path", "read_only", "required", "translation_domain", "trim", "validation_groups", "virtual"." at /var/www/test-project/vendor/symfony/symfony/src/Symfony/Component/OptionsResolver/OptionsResolver.php line 760 {"exception":"[object] (Symfony\\Component\\OptionsResolver\\Exception\\UndefinedOptionsException(code: 0): The option \"placeholder\" does not exist. Defined options are: \"action\", \"allow_extra_fields\", \"attr\", \"auto_initialize\", \"block_name\", \"by_reference\", \"cascade_validation\", \"compound\", \"constraints\", \"csrf_field_name\", \"csrf_message\", \"csrf_protection\", \"csrf_provider\", \"csrf_token_id\", \"csrf_token_manager\", \"data\", \"data_class\", \"disabled\", \"empty_data\", \"error_bubbling\", \"error_mapping\", \"extra_fields_message\", \"inherit_data\", \"intention\", \"invalid_message\", \"invalid_message_parameters\", \"label\", \"label_attr\", \"label_format\", \"mapped\", \"max_length\", \"method\", \"pattern\", \"post_max_size_message\", \"property_path\", \"read_only\", \"required\", \"translation_domain\", \"trim\", \"validation_groups\", \"virtual\". at /var/www/test-project/vendor/symfony/symfony/src/Symfony/Component/OptionsResolver/OptionsResolver.php:760)"} []
[2016-06-06 15:29:28] request.INFO: Matched route "test_appmailer". {"route_parameters":{"_controller":"TestCWABBundle\\Controller\\DefaultController::testMaillerAction","_route":"test_appmailer"},"request_uri":"http://test-project.dev/cwab/app_mailer"} []
[2016-06-06 15:29:28] security.INFO: Populated the TokenStorage with an anonymous Token. [] []
[2016-06-06 15:29:28] request.CRITICAL: Uncaught PHP Exception Symfony\Component\OptionsResolver\Exception\UndefinedOptionsException: "The option "placeholder" does not exist. Defined options are: "action", "allow_extra_fields", "attr", "auto_initialize", "block_name", "by_reference", "cascade_validation", "compound", "constraints", "csrf_field_name", "csrf_message", "csrf_protection", "csrf_provider", "csrf_token_id", "csrf_token_manager", "data", "data_class", "disabled", "empty_data", "error_bubbling", "error_mapping", "extra_fields_message", "inherit_data", "intention", "invalid_message", "invalid_message_parameters", "label", "label_attr", "label_format", "mapped", "max_length", "method", "pattern", "post_max_size_message", "property_path", "read_only", "required", "translation_domain", "trim", "validation_groups", "virtual"." at /var/www/test-project/vendor/symfony/symfony/src/Symfony/Component/OptionsResolver/OptionsResolver.php line 760 {"exception":"[object] (Symfony\\Component\\OptionsResolver\\Exception\\UndefinedOptionsException(code: 0): The option \"placeholder\" does not exist. Defined options are: \"action\", \"allow_extra_fields\", \"attr\", \"auto_initialize\", \"block_name\", \"by_reference\", \"cascade_validation\", \"compound\", \"constraints\", \"csrf_field_name\", \"csrf_message\", \"csrf_protection\", \"csrf_provider\", \"csrf_token_id\", \"csrf_token_manager\", \"data\", \"data_class\", \"disabled\", \"empty_data\", \"error_bubbling\", \"error_mapping\", \"extra_fields_message\", \"inherit_data\", \"intention\", \"invalid_message\", \"invalid_message_parameters\", \"label\", \"label_attr\", \"label_format\", \"mapped\", \"max_length\", \"method\", \"pattern\", \"post_max_size_message\", \"property_path\", \"read_only\", \"required\", \"translation_domain\", \"trim\", \"validation_groups\", \"virtual\". at /var/www/test-project/vendor/symfony/symfony/src/Symfony/Component/OptionsResolver/OptionsResolver.php:760)"} []
[2016-06-06 15:43:30] request.ERROR: Uncaught PHP Exception Symfony\Component\HttpKernel\Exception\NotFoundHttpException: "No route found for "GET /css/base.css" (from "http://test-project.dev/cwab/app_mailer")" at /var/www/test-project/vendor/symfony/symfony/src/Symfony/Component/HttpKernel/EventListener/RouterListener.php line 176 {"exception":"[object] (Symfony\\Component\\HttpKernel\\Exception\\NotFoundHttpException(code: 0): No route found for \"GET /css/base.css\" (from \"http://test-project.dev/cwab/app_mailer\") at /var/www/test-project/vendor/symfony/symfony/src/Symfony/Component/HttpKernel/EventListener/RouterListener.php:176, Symfony\\Component\\Routing\\Exception\\ResourceNotFoundException(code: 0):  at /var/www/test-project/app/cache/prod/appProdUrlMatcher.php:65)"} []
[2016-06-06 15:43:34] request.ERROR: Uncaught PHP Exception Symfony\Component\HttpKernel\Exception\NotFoundHttpException: "No route found for "GET /css/base.css" (from "http://test-project.dev/cwab/app_mailer")" at /var/www/test-project/app/cache/prod/classes.php line 2605 {"exception":"[object] (Symfony\\Component\\HttpKernel\\Exception\\NotFoundHttpException(code: 0): No route found for \"GET /css/base.css\" (from \"http://test-project.dev/cwab/app_mailer\") at /var/www/test-project/app/cache/prod/classes.php:2605, Symfony\\Component\\Routing\\Exception\\ResourceNotFoundException(code: 0):  at /var/www/test-project/app/cache/prod/appProdUrlMatcher.php:65)"} []
